2025-08-27 10:43:32,596 - INFO - Logging system initialized
2025-08-27 10:43:32,627 - INFO - Settings loaded successfully
2025-08-27 10:43:32,680 - INFO - Application started. Please connect to Excel and click 'Start Monitoring'
2025-08-27 10:43:32,680 - INFO - AutoCopy application started successfully
2025-08-27 10:43:32,680 - INFO - Application started with crash protection and settings persistence
2025-08-27 10:55:38,243 - INFO - Error updating clipboard display: Error calling OpenClipboard ([WinError 0] Der Vorgang wurde erfolgreich beendet.)
2025-08-27 10:57:47,590 - INFO - Settings saved successfully
2025-08-27 10:57:47,598 - INFO - Settings saved on exit
2025-08-27 13:21:53,014 - INFO - Logging system initialized
2025-08-27 13:21:53,014 - INFO - Settings loaded successfully
2025-08-27 13:21:53,054 - INFO - Application started. Please connect to Excel and click 'Start Monitoring'
2025-08-27 13:21:53,057 - INFO - AutoCopy application started successfully
2025-08-27 13:21:53,064 - INFO - Application started with crash protection and settings persistence
2025-08-27 13:22:06,674 - INFO - Settings saved successfully
2025-08-27 13:22:06,677 - INFO - Settings saved on exit
2025-08-27 13:22:09,103 - INFO - Logging system initialized
2025-08-27 13:22:09,124 - INFO - Settings loaded successfully
2025-08-27 13:22:09,249 - INFO - Application started. Please connect to Excel and click 'Start Monitoring'
2025-08-27 13:22:09,253 - INFO - AutoCopy application started successfully
2025-08-27 13:22:09,259 - INFO - Application started with crash protection and settings persistence
2025-08-27 13:22:11,262 - INFO - Settings saved successfully
2025-08-27 13:22:11,265 - INFO - Settings saved on exit
